[GIN-debug] [WARNING] Creating an Engine instance with the Logger and Recovery middleware already attached.

[GIN-debug] [WARNING] Running in "debug" mode. Switch to "release" mode in production.
 - using env:	export GIN_MODE=release
 - using code:	gin.SetMode(gin.ReleaseMode)

[GIN-debug] GET    /static/*filepath         --> github.com/gin-gonic/gin.(*RouterGroup).createStaticHandler.func1 (6 handlers)
[GIN-debug] HEAD   /static/*filepath         --> github.com/gin-gonic/gin.(*RouterGroup).createStaticHandler.func1 (6 handlers)
[GIN-debug] POST   /login                    --> reactAdminServer/controllers/user.(*UserController).Login-fm (6 handlers)
[GIN-debug] GET    /user/info                --> reactAdminServer/controllers/user.(*UserController).GetUser-fm (8 handlers)
[GIN-debug] GET    /user/getMenus            --> reactAdminServer/controllers/user.(*UserController).GetMenus-fm (8 handlers)
[GIN-debug] GET    /captcha/code             --> reactAdminServer/controllers/captcha.(*CaptchaController).GetCaptcha-fm (6 handlers)
[GIN-debug] GET    /system/getAllMenus       --> reactAdminServer/controllers/adminSystem.(*SystemController).GetAllMenus-fm (7 handlers)
[GIN-debug] GET    /system/getAllRoles       --> reactAdminServer/controllers/adminSystem.(*SystemController).GetAllRoles-fm (7 handlers)
[GIN-debug] POST   /system/addMenu           --> reactAdminServer/controllers/adminSystem.(*SystemController).AddMenu-fm (7 handlers)
[GIN-debug] PUT    /system/updateMenu        --> reactAdminServer/controllers/adminSystem.(*SystemController).UpdateMenu-fm (7 handlers)
[GIN-debug] DELETE /system/deleteMenu        --> reactAdminServer/controllers/adminSystem.(*SystemController).DeleteMenu-fm (7 handlers)
[GIN-debug] POST   /system/addRoles          --> reactAdminServer/controllers/adminSystem.(*SystemController).AddRole-fm (7 handlers)
[GIN-debug] GET    /system/getRolesMenus     --> reactAdminServer/controllers/adminSystem.(*SystemController).GetRolesMenus-fm (7 handlers)
[GIN-debug] PUT    /system/updateRoles       --> reactAdminServer/controllers/adminSystem.(*SystemController).UpdateRoles-fm (7 handlers)
[GIN-debug] DELETE /system/deleteRoles       --> reactAdminServer/controllers/adminSystem.(*SystemController).DelRoles-fm (7 handlers)
[GIN-debug] PUT    /system/updateRolesMenus  --> reactAdminServer/controllers/adminSystem.(*SystemController).UpdateRolesMenus-fm (7 handlers)
[GIN-debug] GET    /system/s_users           --> reactAdminServer/controllers/adminSystem.(*SystemController).GetUser-fm (7 handlers)
[GIN-debug] POST   /system/s_users           --> reactAdminServer/controllers/adminSystem.(*SystemController).AddUser-fm (7 handlers)
[GIN-debug] PUT    /system/s_users           --> reactAdminServer/controllers/adminSystem.(*SystemController).EditUser-fm (7 handlers)
[GIN-debug] DELETE /system/s_users           --> reactAdminServer/controllers/adminSystem.(*SystemController).DelUser-fm (7 handlers)
[GIN-debug] GET    /test/v1                  --> reactAdminServer/controllers/testController.(*TestController).V1-fm (6 handlers)
[GIN-debug] [WARNING] You trusted all proxies, this is NOT safe. We recommend you to set a value.
Please check https://pkg.go.dev/github.com/gin-gonic/gin#readme-don-t-trust-all-proxies for details.
[GIN-debug] Listening and serving HTTP on :9000
[GIN] 2022/04/01 - 15:51:10 | 200 |    8.264221ms |             ::1 | GET      "/captcha/code"
[GIN] 2022/04/01 - 15:51:14 | 200 |    3.666186ms |             ::1 | GET      "/captcha/code?time=1648799474669"
[GIN] 2022/04/01 - 15:51:14 | 200 |  100.185911ms |   192.168.0.100 | POST     "/login"
[GIN] 2022/04/01 - 15:51:14 | 200 |    4.318569ms |   192.168.0.100 | GET      "/user/info"
[GIN] 2022/04/01 - 15:51:14 | 200 |    9.519418ms |   192.168.0.100 | GET      "/user/getMenus?roles=1,2"
[GIN] 2022/04/01 - 15:51:18 | 200 |     598.131µs |   192.168.0.100 | GET      "/system/getAllMenus"
[GIN] 2022/04/01 - 15:51:18 | 200 |   14.902242ms |   192.168.0.100 | GET      "/system/getAllRoles"
[GIN] 2022/04/01 - 15:51:19 | 200 |     432.638µs |   192.168.0.100 | GET      "/system/getAllRoles"
[GIN] 2022/04/01 - 15:51:19 | 200 |    1.351645ms |   192.168.0.100 | GET      "/system/s_users"
[GIN] 2022/04/01 - 15:51:19 | 200 |    1.294399ms |   192.168.0.100 | GET      "/system/getAllMenus"
[GIN] 2022/04/01 - 15:51:26 | 200 |    2.874835ms |             ::1 | GET      "/captcha/code"
